<?xml version="1.0" encoding="UTF-8"?>
<!-- Generated by org.testng.reporters.JUnitReportReporter -->
<testsuite hostname="HZO-PC10066611" name="com.auction.testcase.LogonTest" tests="1" failures="0" timestamp="19 Jun 2018 07:48:31 GMT" time="1.663" errors="0">
  <testcase name="testLogin" time="1.663" classname="com.auction.testcase.LogonTest"/>
</testsuite> <!-- com.auction.testcase.LogonTest -->
