<?xml version="1.0" encoding="UTF-8"?>
<!-- Generated by org.testng.reporters.JUnitReportReporter -->
<testsuite hostname="HZO-PC10066611" name="testng1.NewTest" tests="1" failures="0" timestamp="19 Jun 2018 05:27:20 GMT" time="0.008" errors="0">
  <testcase name="f" time="0.008" classname="testng1.NewTest"/>
</testsuite> <!-- testng1.NewTest -->
