<?xml version="1.0" encoding="UTF-8"?>
<!-- Generated by org.testng.reporters.JUnitReportReporter -->
<testsuite hostname="HZO-PC10066611" name="com.auction.testcase.BusinessFilesTest" tests="1" failures="0" timestamp="19 Jun 2018 07:48:31 GMT" time="6.389" errors="0">
  <testcase name="businessFileTest" time="6.389" classname="com.auction.testcase.BusinessFilesTest"/>
</testsuite> <!-- com.auction.testcase.BusinessFilesTest -->
